<?xml version="1.0" encoding="UTF-8"?>
<testsuite xmlns:xsi="http://www.w3.org/2001/XMLSchema-instance" xsi:noNamespaceSchemaLocation="https://maven.apache.org/surefire/maven-surefire-plugin/xsd/surefire-test-report.xsd" name="cn.fengin.tiny.test.http.HttpServerTest" time="2.719" tests="4" errors="0" skipped="0" failures="0">
  <properties>
    <property name="java.specification.version" value="17"/>
    <property name="sun.cpu.isalist" value="amd64"/>
    <property name="sun.jnu.encoding" value="GBK"/>
    <property name="java.class.path" value="D:\code\benzhi\front\tiny\tiny\target\test-classes;D:\code\benzhi\front\tiny\tiny\target\classes;D:\code\env\mvnreop\org\projectlombok\lombok\1.18.20\lombok-1.18.20.jar;D:\code\env\mvnreop\com\fasterxml\jackson\core\jackson-databind\2.13.4.2\jackson-databind-2.13.4.2.jar;D:\code\env\mvnreop\com\fasterxml\jackson\core\jackson-annotations\2.13.4\jackson-annotations-2.13.4.jar;D:\code\env\mvnreop\com\fasterxml\jackson\core\jackson-core\2.13.4\jackson-core-2.13.4.jar;D:\code\env\mvnreop\io\netty\netty-all\4.1.115.Final\netty-all-4.1.115.Final.jar;D:\code\env\mvnreop\io\netty\netty-buffer\4.1.115.Final\netty-buffer-4.1.115.Final.jar;D:\code\env\mvnreop\io\netty\netty-codec\4.1.115.Final\netty-codec-4.1.115.Final.jar;D:\code\env\mvnreop\io\netty\netty-codec-dns\4.1.115.Final\netty-codec-dns-4.1.115.Final.jar;D:\code\env\mvnreop\io\netty\netty-codec-haproxy\4.1.115.Final\netty-codec-haproxy-4.1.115.Final.jar;D:\code\env\mvnreop\io\netty\netty-codec-http\4.1.115.Final\netty-codec-http-4.1.115.Final.jar;D:\code\env\mvnreop\io\netty\netty-codec-http2\4.1.115.Final\netty-codec-http2-4.1.115.Final.jar;D:\code\env\mvnreop\io\netty\netty-codec-memcache\4.1.115.Final\netty-codec-memcache-4.1.115.Final.jar;D:\code\env\mvnreop\io\netty\netty-codec-mqtt\4.1.115.Final\netty-codec-mqtt-4.1.115.Final.jar;D:\code\env\mvnreop\io\netty\netty-codec-redis\4.1.115.Final\netty-codec-redis-4.1.115.Final.jar;D:\code\env\mvnreop\io\netty\netty-codec-smtp\4.1.115.Final\netty-codec-smtp-4.1.115.Final.jar;D:\code\env\mvnreop\io\netty\netty-codec-socks\4.1.115.Final\netty-codec-socks-4.1.115.Final.jar;D:\code\env\mvnreop\io\netty\netty-codec-stomp\4.1.115.Final\netty-codec-stomp-4.1.115.Final.jar;D:\code\env\mvnreop\io\netty\netty-codec-xml\4.1.115.Final\netty-codec-xml-4.1.115.Final.jar;D:\code\env\mvnreop\io\netty\netty-common\4.1.115.Final\netty-common-4.1.115.Final.jar;D:\code\env\mvnreop\io\netty\netty-handler\4.1.115.Final\netty-handler-4.1.115.Final.jar;D:\code\env\mvnreop\io\netty\netty-transport-native-unix-common\4.1.115.Final\netty-transport-native-unix-common-4.1.115.Final.jar;D:\code\env\mvnreop\io\netty\netty-handler-proxy\4.1.115.Final\netty-handler-proxy-4.1.115.Final.jar;D:\code\env\mvnreop\io\netty\netty-handler-ssl-ocsp\4.1.115.Final\netty-handler-ssl-ocsp-4.1.115.Final.jar;D:\code\env\mvnreop\io\netty\netty-resolver\4.1.115.Final\netty-resolver-4.1.115.Final.jar;D:\code\env\mvnreop\io\netty\netty-resolver-dns\4.1.115.Final\netty-resolver-dns-4.1.115.Final.jar;D:\code\env\mvnreop\io\netty\netty-transport\4.1.115.Final\netty-transport-4.1.115.Final.jar;D:\code\env\mvnreop\io\netty\netty-transport-rxtx\4.1.115.Final\netty-transport-rxtx-4.1.115.Final.jar;D:\code\env\mvnreop\io\netty\netty-transport-sctp\4.1.115.Final\netty-transport-sctp-4.1.115.Final.jar;D:\code\env\mvnreop\io\netty\netty-transport-udt\4.1.115.Final\netty-transport-udt-4.1.115.Final.jar;D:\code\env\mvnreop\io\netty\netty-transport-classes-epoll\4.1.115.Final\netty-transport-classes-epoll-4.1.115.Final.jar;D:\code\env\mvnreop\io\netty\netty-transport-classes-kqueue\4.1.115.Final\netty-transport-classes-kqueue-4.1.115.Final.jar;D:\code\env\mvnreop\io\netty\netty-resolver-dns-classes-macos\4.1.115.Final\netty-resolver-dns-classes-macos-4.1.115.Final.jar;D:\code\env\mvnreop\io\netty\netty-transport-native-epoll\4.1.115.Final\netty-transport-native-epoll-4.1.115.Final-linux-x86_64.jar;D:\code\env\mvnreop\io\netty\netty-transport-native-epoll\4.1.115.Final\netty-transport-native-epoll-4.1.115.Final-linux-aarch_64.jar;D:\code\env\mvnreop\io\netty\netty-transport-native-epoll\4.1.115.Final\netty-transport-native-epoll-4.1.115.Final-linux-riscv64.jar;D:\code\env\mvnreop\io\netty\netty-transport-native-kqueue\4.1.115.Final\netty-transport-native-kqueue-4.1.115.Final-osx-x86_64.jar;D:\code\env\mvnreop\io\netty\netty-transport-native-kqueue\4.1.115.Final\netty-transport-native-kqueue-4.1.115.Final-osx-aarch_64.jar;D:\code\env\mvnreop\io\netty\netty-resolver-dns-native-macos\4.1.115.Final\netty-resolver-dns-native-macos-4.1.115.Final-osx-x86_64.jar;D:\code\env\mvnreop\io\netty\netty-resolver-dns-native-macos\4.1.115.Final\netty-resolver-dns-native-macos-4.1.115.Final-osx-aarch_64.jar;D:\code\env\mvnreop\org\xerial\sqlite-jdbc\3.41.2.2\sqlite-jdbc-3.41.2.2.jar;D:\code\env\mvnreop\org\yaml\snakeyaml\2.0\snakeyaml-2.0.jar;D:\code\env\mvnreop\org\slf4j\slf4j-api\1.7.36\slf4j-api-1.7.36.jar;D:\code\env\mvnreop\ch\qos\logback\logback-classic\1.2.12\logback-classic-1.2.12.jar;D:\code\env\mvnreop\ch\qos\logback\logback-core\1.2.12\logback-core-1.2.12.jar;D:\code\env\mvnreop\org\junit\jupiter\junit-jupiter-api\5.9.2\junit-jupiter-api-5.9.2.jar;D:\code\env\mvnreop\org\opentest4j\opentest4j\1.2.0\opentest4j-1.2.0.jar;D:\code\env\mvnreop\org\junit\platform\junit-platform-commons\1.9.2\junit-platform-commons-1.9.2.jar;D:\code\env\mvnreop\org\apiguardian\apiguardian-api\1.1.2\apiguardian-api-1.1.2.jar;D:\code\env\mvnreop\org\junit\jupiter\junit-jupiter-engine\5.9.2\junit-jupiter-engine-5.9.2.jar;D:\code\env\mvnreop\org\junit\platform\junit-platform-engine\1.9.2\junit-platform-engine-1.9.2.jar;D:\code\env\mvnreop\org\mockito\mockito-core\5.3.1\mockito-core-5.3.1.jar;D:\code\env\mvnreop\net\bytebuddy\byte-buddy\1.14.4\byte-buddy-1.14.4.jar;D:\code\env\mvnreop\net\bytebuddy\byte-buddy-agent\1.14.4\byte-buddy-agent-1.14.4.jar;D:\code\env\mvnreop\org\objenesis\objenesis\3.3\objenesis-3.3.jar;D:\code\env\mvnreop\org\mockito\mockito-junit-jupiter\5.3.1\mockito-junit-jupiter-5.3.1.jar;"/>
    <property name="java.vm.vendor" value="Oracle Corporation"/>
    <property name="sun.arch.data.model" value="64"/>
    <property name="user.variant" value=""/>
    <property name="java.vendor.url" value="https://java.oracle.com/"/>
    <property name="user.timezone" value="Asia/Shanghai"/>
    <property name="os.name" value="Windows 10"/>
    <property name="java.vm.specification.version" value="17"/>
    <property name="sun.java.launcher" value="SUN_STANDARD"/>
    <property name="user.country" value="CN"/>
    <property name="sun.boot.library.path" value="D:\code\env\jdk17_64\bin"/>
    <property name="sun.java.command" value="C:\Users\ADMINI~1\AppData\Local\Temp\surefire15381097205533737561\surefirebooter16310623348332970060.jar C:\Users\Administrator\AppData\Local\Temp\surefire15381097205533737561 2025-01-02T14-19-47_379-jvmRun1 surefire18364101643984696653tmp surefire_011741123127831130061tmp"/>
    <property name="jdk.debug" value="release"/>
    <property name="surefire.test.class.path" value="D:\code\benzhi\front\tiny\tiny\target\test-classes;D:\code\benzhi\front\tiny\tiny\target\classes;D:\code\env\mvnreop\org\projectlombok\lombok\1.18.20\lombok-1.18.20.jar;D:\code\env\mvnreop\com\fasterxml\jackson\core\jackson-databind\2.13.4.2\jackson-databind-2.13.4.2.jar;D:\code\env\mvnreop\com\fasterxml\jackson\core\jackson-annotations\2.13.4\jackson-annotations-2.13.4.jar;D:\code\env\mvnreop\com\fasterxml\jackson\core\jackson-core\2.13.4\jackson-core-2.13.4.jar;D:\code\env\mvnreop\io\netty\netty-all\4.1.115.Final\netty-all-4.1.115.Final.jar;D:\code\env\mvnreop\io\netty\netty-buffer\4.1.115.Final\netty-buffer-4.1.115.Final.jar;D:\code\env\mvnreop\io\netty\netty-codec\4.1.115.Final\netty-codec-4.1.115.Final.jar;D:\code\env\mvnreop\io\netty\netty-codec-dns\4.1.115.Final\netty-codec-dns-4.1.115.Final.jar;D:\code\env\mvnreop\io\netty\netty-codec-haproxy\4.1.115.Final\netty-codec-haproxy-4.1.115.Final.jar;D:\code\env\mvnreop\io\netty\netty-codec-http\4.1.115.Final\netty-codec-http-4.1.115.Final.jar;D:\code\env\mvnreop\io\netty\netty-codec-http2\4.1.115.Final\netty-codec-http2-4.1.115.Final.jar;D:\code\env\mvnreop\io\netty\netty-codec-memcache\4.1.115.Final\netty-codec-memcache-4.1.115.Final.jar;D:\code\env\mvnreop\io\netty\netty-codec-mqtt\4.1.115.Final\netty-codec-mqtt-4.1.115.Final.jar;D:\code\env\mvnreop\io\netty\netty-codec-redis\4.1.115.Final\netty-codec-redis-4.1.115.Final.jar;D:\code\env\mvnreop\io\netty\netty-codec-smtp\4.1.115.Final\netty-codec-smtp-4.1.115.Final.jar;D:\code\env\mvnreop\io\netty\netty-codec-socks\4.1.115.Final\netty-codec-socks-4.1.115.Final.jar;D:\code\env\mvnreop\io\netty\netty-codec-stomp\4.1.115.Final\netty-codec-stomp-4.1.115.Final.jar;D:\code\env\mvnreop\io\netty\netty-codec-xml\4.1.115.Final\netty-codec-xml-4.1.115.Final.jar;D:\code\env\mvnreop\io\netty\netty-common\4.1.115.Final\netty-common-4.1.115.Final.jar;D:\code\env\mvnreop\io\netty\netty-handler\4.1.115.Final\netty-handler-4.1.115.Final.jar;D:\code\env\mvnreop\io\netty\netty-transport-native-unix-common\4.1.115.Final\netty-transport-native-unix-common-4.1.115.Final.jar;D:\code\env\mvnreop\io\netty\netty-handler-proxy\4.1.115.Final\netty-handler-proxy-4.1.115.Final.jar;D:\code\env\mvnreop\io\netty\netty-handler-ssl-ocsp\4.1.115.Final\netty-handler-ssl-ocsp-4.1.115.Final.jar;D:\code\env\mvnreop\io\netty\netty-resolver\4.1.115.Final\netty-resolver-4.1.115.Final.jar;D:\code\env\mvnreop\io\netty\netty-resolver-dns\4.1.115.Final\netty-resolver-dns-4.1.115.Final.jar;D:\code\env\mvnreop\io\netty\netty-transport\4.1.115.Final\netty-transport-4.1.115.Final.jar;D:\code\env\mvnreop\io\netty\netty-transport-rxtx\4.1.115.Final\netty-transport-rxtx-4.1.115.Final.jar;D:\code\env\mvnreop\io\netty\netty-transport-sctp\4.1.115.Final\netty-transport-sctp-4.1.115.Final.jar;D:\code\env\mvnreop\io\netty\netty-transport-udt\4.1.115.Final\netty-transport-udt-4.1.115.Final.jar;D:\code\env\mvnreop\io\netty\netty-transport-classes-epoll\4.1.115.Final\netty-transport-classes-epoll-4.1.115.Final.jar;D:\code\env\mvnreop\io\netty\netty-transport-classes-kqueue\4.1.115.Final\netty-transport-classes-kqueue-4.1.115.Final.jar;D:\code\env\mvnreop\io\netty\netty-resolver-dns-classes-macos\4.1.115.Final\netty-resolver-dns-classes-macos-4.1.115.Final.jar;D:\code\env\mvnreop\io\netty\netty-transport-native-epoll\4.1.115.Final\netty-transport-native-epoll-4.1.115.Final-linux-x86_64.jar;D:\code\env\mvnreop\io\netty\netty-transport-native-epoll\4.1.115.Final\netty-transport-native-epoll-4.1.115.Final-linux-aarch_64.jar;D:\code\env\mvnreop\io\netty\netty-transport-native-epoll\4.1.115.Final\netty-transport-native-epoll-4.1.115.Final-linux-riscv64.jar;D:\code\env\mvnreop\io\netty\netty-transport-native-kqueue\4.1.115.Final\netty-transport-native-kqueue-4.1.115.Final-osx-x86_64.jar;D:\code\env\mvnreop\io\netty\netty-transport-native-kqueue\4.1.115.Final\netty-transport-native-kqueue-4.1.115.Final-osx-aarch_64.jar;D:\code\env\mvnreop\io\netty\netty-resolver-dns-native-macos\4.1.115.Final\netty-resolver-dns-native-macos-4.1.115.Final-osx-x86_64.jar;D:\code\env\mvnreop\io\netty\netty-resolver-dns-native-macos\4.1.115.Final\netty-resolver-dns-native-macos-4.1.115.Final-osx-aarch_64.jar;D:\code\env\mvnreop\org\xerial\sqlite-jdbc\3.41.2.2\sqlite-jdbc-3.41.2.2.jar;D:\code\env\mvnreop\org\yaml\snakeyaml\2.0\snakeyaml-2.0.jar;D:\code\env\mvnreop\org\slf4j\slf4j-api\1.7.36\slf4j-api-1.7.36.jar;D:\code\env\mvnreop\ch\qos\logback\logback-classic\1.2.12\logback-classic-1.2.12.jar;D:\code\env\mvnreop\ch\qos\logback\logback-core\1.2.12\logback-core-1.2.12.jar;D:\code\env\mvnreop\org\junit\jupiter\junit-jupiter-api\5.9.2\junit-jupiter-api-5.9.2.jar;D:\code\env\mvnreop\org\opentest4j\opentest4j\1.2.0\opentest4j-1.2.0.jar;D:\code\env\mvnreop\org\junit\platform\junit-platform-commons\1.9.2\junit-platform-commons-1.9.2.jar;D:\code\env\mvnreop\org\apiguardian\apiguardian-api\1.1.2\apiguardian-api-1.1.2.jar;D:\code\env\mvnreop\org\junit\jupiter\junit-jupiter-engine\5.9.2\junit-jupiter-engine-5.9.2.jar;D:\code\env\mvnreop\org\junit\platform\junit-platform-engine\1.9.2\junit-platform-engine-1.9.2.jar;D:\code\env\mvnreop\org\mockito\mockito-core\5.3.1\mockito-core-5.3.1.jar;D:\code\env\mvnreop\net\bytebuddy\byte-buddy\1.14.4\byte-buddy-1.14.4.jar;D:\code\env\mvnreop\net\bytebuddy\byte-buddy-agent\1.14.4\byte-buddy-agent-1.14.4.jar;D:\code\env\mvnreop\org\objenesis\objenesis\3.3\objenesis-3.3.jar;D:\code\env\mvnreop\org\mockito\mockito-junit-jupiter\5.3.1\mockito-junit-jupiter-5.3.1.jar;"/>
    <property name="sun.cpu.endian" value="little"/>
    <property name="user.home" value="C:\Users\Administrator"/>
    <property name="user.language" value="zh"/>
    <property name="java.specification.vendor" value="Oracle Corporation"/>
    <property name="java.version.date" value="2024-01-16"/>
    <property name="java.home" value="D:\code\env\jdk17_64"/>
    <property name="file.separator" value="\"/>
    <property name="basedir" value="D:\code\benzhi\front\tiny\tiny"/>
    <property name="java.vm.compressedOopsMode" value="Zero based"/>
    <property name="line.separator" value="&#10;"/>
    <property name="java.vm.specification.vendor" value="Oracle Corporation"/>
    <property name="java.specification.name" value="Java Platform API Specification"/>
    <property name="surefire.real.class.path" value="C:\Users\ADMINI~1\AppData\Local\Temp\surefire15381097205533737561\surefirebooter16310623348332970060.jar"/>
    <property name="user.script" value=""/>
    <property name="sun.management.compiler" value="HotSpot 64-Bit Tiered Compilers"/>
    <property name="java.runtime.version" value="17.0.10+11-LTS-240"/>
    <property name="user.name" value="superme"/>
    <property name="path.separator" value=";"/>
    <property name="os.version" value="10.0"/>
    <property name="java.runtime.name" value="Java(TM) SE Runtime Environment"/>
    <property name="file.encoding" value="GBK"/>
    <property name="java.vm.name" value="Java HotSpot(TM) 64-Bit Server VM"/>
    <property name="localRepository" value="D:\code\env\mvnreop"/>
    <property name="java.vendor.url.bug" value="https://bugreport.java.com/bugreport/"/>
    <property name="java.io.tmpdir" value="C:\Users\ADMINI~1\AppData\Local\Temp\"/>
    <property name="idea.version" value="2024.1.4"/>
    <property name="java.version" value="17.0.10"/>
    <property name="user.dir" value="D:\code\benzhi\front\tiny\tiny"/>
    <property name="os.arch" value="amd64"/>
    <property name="java.vm.specification.name" value="Java Virtual Machine Specification"/>
    <property name="sun.os.patch.level" value=""/>
    <property name="native.encoding" value="GBK"/>
    <property name="java.library.path" value="D:\code\env\jdk17_64\bin;C:\Windows\Sun\Java\bin;C:\Windows\system32;C:\Windows;c:\Users\Administrator\AppData\Local\Programs\cursor\resources\app\bin;C:\Windows\system32;C:\Windows;C:\Windows\System32\Wbem;C:\Windows\System32\WindowsPowerShell\v1.0\;C:\Windows\System32\OpenSSH\;C:\Program Files\Git\cmd;D:\code\env\jdk8_64\bin;D:\code\env\apache-maven-3.9.1\bin;D:\code\env\jdk8_64\jre\bin;D:\code\env\nodejs\;C:\Program Files (x86)\cloudflared\;C:\Program Files\dotnet\;C:\Program Files\Common Files\Autodesk Shared\;C:\Program Files\Microsoft SQL Server\150\Tools\Binn\;D:\Program Files\微信web开发者工具\dll;C:\Users\Administrator\AppData\Local\Microsoft\WindowsApps;D:\code\env\anaconda;D:\code\env\anaconda\Library\bin;D:\code\env\anaconda\Scripts;C:\Users\Administrator\AppData\Roaming\npm;D:\code\env\wix311;;c:\Users\Administrator\AppData\Local\Programs\cursor\resources\app\bin;C:\Users\Administrator\AppData\Local\Microsoft\WindowsApps;D:\code\env\anaconda;D:\code\env\anaconda\Library\bin;D:\code\env\anaconda\Scripts;C:\Users\Administrator\AppData\Roaming\npm;D:\code\env\wix311;;."/>
    <property name="java.vm.info" value="mixed mode, sharing"/>
    <property name="java.vendor" value="Oracle Corporation"/>
    <property name="java.vm.version" value="17.0.10+11-LTS-240"/>
    <property name="sun.io.unicode.encoding" value="UnicodeLittle"/>
    <property name="maven.repo.local" value="D:\code\env\mvnreop"/>
    <property name="java.class.version" value="61.0"/>
  </properties>
  <testcase name="testGetRequest" classname="cn.fengin.tiny.test.http.HttpServerTest" time="0.136"/>
  <testcase name="testGetWithParams" classname="cn.fengin.tiny.test.http.HttpServerTest" time="0.005"/>
  <testcase name="testPostRequest" classname="cn.fengin.tiny.test.http.HttpServerTest" time="0.151"/>
  <testcase name="test404NotFound" classname="cn.fengin.tiny.test.http.HttpServerTest" time="0.003"/>
</testsuite>